2016-10-01 01:41:07,863  INFO [main] - ua.implementations.GreetingImpl.<init>          36 - Creating default instance GreetingImpl
2016-10-01 01:41:07,870  INFO [main] - ua.implementations.GreetingImpl.greet           46 - Input parameters: time = 00:00
2016-10-01 01:41:07,870  INFO [main] - ua.implementations.GreetingImpl.getPartOfDay    54 - Input parameters: localTime = 00:00
2016-10-01 01:41:07,871  INFO [main] - ua.implementations.GreetingImpl.getPartOfDay    58 - Return value: night
2016-10-01 01:41:07,872  INFO [main] - ua.implementations.GreetingImpl.greet           49 - Return value: Доброй ночи, Мир!
2016-10-01 01:41:41,492  INFO [main] - ua.implementations.GreetingImpl.<init>          36 - Creating default instance GreetingImpl
2016-10-01 01:41:41,497  INFO [main] - ua.implementations.GreetingImpl.greet           46 - Input parameters: time = 00:00
2016-10-01 01:41:41,498  INFO [main] - ua.implementations.GreetingImpl.getPartOfDay    54 - Input parameters: localTime = 00:00
2016-10-01 01:41:41,498  INFO [main] - ua.implementations.GreetingImpl.getPartOfDay    58 - Return value: night
2016-10-01 01:41:41,499  INFO [main] - ua.implementations.GreetingImpl.greet           49 - Return value: Good night, World!
2016-10-01 01:41:41,500  INFO [main] - ua.implementations.GreetingImpl.<init>          33 - Creating instance GreetingImpl with locale: en_US
2016-10-01 01:41:41,500  INFO [main] - ua.implementations.GreetingImpl.greet           46 - Input parameters: time = 00:00
2016-10-01 01:41:41,501  INFO [main] - ua.implementations.GreetingImpl.getPartOfDay    54 - Input parameters: localTime = 00:00
2016-10-01 01:41:41,501  INFO [main] - ua.implementations.GreetingImpl.getPartOfDay    58 - Return value: night
2016-10-01 01:41:41,501  INFO [main] - ua.implementations.GreetingImpl.greet           49 - Return value: Good night, World!
2016-10-01 01:41:41,502  INFO [main] - ua.implementations.GreetingImpl.<init>          36 - Creating default instance GreetingImpl
2016-10-01 01:41:41,502  INFO [main] - ua.implementations.GreetingImpl.greet           46 - Input parameters: time = 00:00
2016-10-01 01:41:41,502  INFO [main] - ua.implementations.GreetingImpl.getPartOfDay    54 - Input parameters: localTime = 00:00
2016-10-01 01:41:41,502  INFO [main] - ua.implementations.GreetingImpl.getPartOfDay    58 - Return value: night
2016-10-01 01:41:41,503  INFO [main] - ua.implementations.GreetingImpl.greet           49 - Return value: Good night, World!
2016-10-01 01:41:41,503  INFO [main] - ua.implementations.GreetingImpl.<init>          33 - Creating instance GreetingImpl with locale: en_US
2016-10-01 01:41:41,505  INFO [main] - ua.implementations.GreetingImpl.greet           46 - Input parameters: time = 06:01
2016-10-01 01:41:41,506  INFO [main] - ua.implementations.GreetingImpl.getPartOfDay    54 - Input parameters: localTime = 06:01
2016-10-01 01:41:41,506  INFO [main] - ua.implementations.GreetingImpl.getPartOfDay    58 - Return value: morning
2016-10-01 01:41:41,506  INFO [main] - ua.implementations.GreetingImpl.greet           49 - Return value: Good morning, World!
2016-10-01 01:41:41,507  INFO [main] - ua.implementations.GreetingImpl.<init>          36 - Creating default instance GreetingImpl
2016-10-01 01:41:41,507  INFO [main] - ua.implementations.GreetingImpl.greet           46 - Input parameters: time = 00:00
2016-10-01 01:41:41,508  INFO [main] - ua.implementations.GreetingImpl.getPartOfDay    54 - Input parameters: localTime = 00:00
2016-10-01 01:41:41,508  INFO [main] - ua.implementations.GreetingImpl.getPartOfDay    58 - Return value: night
2016-10-01 01:41:41,508  INFO [main] - ua.implementations.GreetingImpl.greet           49 - Return value: Good night, World!
2016-10-01 01:41:41,509  INFO [main] - ua.implementations.GreetingImpl.<init>          33 - Creating instance GreetingImpl with locale: en_US
2016-10-01 01:41:41,509  INFO [main] - ua.implementations.GreetingImpl.greet           46 - Input parameters: time = 09:01
2016-10-01 01:41:41,509  INFO [main] - ua.implementations.GreetingImpl.getPartOfDay    54 - Input parameters: localTime = 09:01
2016-10-01 01:41:41,510  INFO [main] - ua.implementations.GreetingImpl.getPartOfDay    58 - Return value: day
2016-10-01 01:41:41,510  INFO [main] - ua.implementations.GreetingImpl.greet           49 - Return value: Good day, World!
2016-10-01 01:41:41,510  INFO [main] - ua.implementations.GreetingImpl.<init>          36 - Creating default instance GreetingImpl
2016-10-01 01:41:41,511  INFO [main] - ua.implementations.GreetingImpl.greet           46 - Input parameters: time = 00:00
2016-10-01 01:41:41,511  INFO [main] - ua.implementations.GreetingImpl.getPartOfDay    54 - Input parameters: localTime = 00:00
2016-10-01 01:41:41,511  INFO [main] - ua.implementations.GreetingImpl.getPartOfDay    58 - Return value: night
2016-10-01 01:41:41,511  INFO [main] - ua.implementations.GreetingImpl.greet           49 - Return value: Good night, World!
2016-10-01 01:41:41,512  INFO [main] - ua.implementations.GreetingImpl.<init>          33 - Creating instance GreetingImpl with locale: en_US
2016-10-01 01:41:41,512  INFO [main] - ua.implementations.GreetingImpl.greet           46 - Input parameters: time = 19:01
2016-10-01 01:41:41,512  INFO [main] - ua.implementations.GreetingImpl.getPartOfDay    54 - Input parameters: localTime = 19:01
2016-10-01 01:41:41,513  INFO [main] - ua.implementations.GreetingImpl.getPartOfDay    58 - Return value: evening
2016-10-01 01:41:41,513  INFO [main] - ua.implementations.GreetingImpl.greet           49 - Return value: Good evening, World!
2016-10-01 01:41:41,513  INFO [main] - ua.implementations.GreetingImpl.<init>          36 - Creating default instance GreetingImpl
2016-10-01 01:41:41,514  INFO [main] - ua.implementations.GreetingImpl.greet           46 - Input parameters: time = 00:00
2016-10-01 01:41:41,514  INFO [main] - ua.implementations.GreetingImpl.getPartOfDay    54 - Input parameters: localTime = 00:00
2016-10-01 01:41:41,514  INFO [main] - ua.implementations.GreetingImpl.getPartOfDay    58 - Return value: night
2016-10-01 01:41:41,514  INFO [main] - ua.implementations.GreetingImpl.greet           49 - Return value: Good night, World!
2016-10-01 01:41:41,515  INFO [main] - ua.implementations.GreetingImpl.<init>          33 - Creating instance GreetingImpl with locale: en_US
2016-10-01 01:41:41,515  INFO [main] - ua.implementations.GreetingImpl.greet           46 - Input parameters: time = 23:01
2016-10-01 01:41:41,515  INFO [main] - ua.implementations.GreetingImpl.getPartOfDay    54 - Input parameters: localTime = 23:01
2016-10-01 01:41:41,515  INFO [main] - ua.implementations.GreetingImpl.getPartOfDay    58 - Return value: night
2016-10-01 01:41:41,516  INFO [main] - ua.implementations.GreetingImpl.greet           49 - Return value: Good night, World!
2016-10-01 01:41:41,516  INFO [main] - ua.implementations.GreetingImpl.<init>          36 - Creating default instance GreetingImpl
2016-10-01 01:41:41,516  INFO [main] - ua.implementations.GreetingImpl.greet           46 - Input parameters: time = 00:00
2016-10-01 01:41:41,516  INFO [main] - ua.implementations.GreetingImpl.getPartOfDay    54 - Input parameters: localTime = 00:00
2016-10-01 01:41:41,517  INFO [main] - ua.implementations.GreetingImpl.getPartOfDay    58 - Return value: night
2016-10-01 01:41:41,517  INFO [main] - ua.implementations.GreetingImpl.greet           49 - Return value: Good night, World!
2016-10-01 01:41:41,517  INFO [main] - ua.implementations.GreetingImpl.<init>          33 - Creating instance GreetingImpl with locale: uk_UA
2016-10-01 01:41:41,519  INFO [main] - ua.implementations.GreetingImpl.greet           46 - Input parameters: time = 00:00
2016-10-01 01:41:41,519  INFO [main] - ua.implementations.GreetingImpl.getPartOfDay    54 - Input parameters: localTime = 00:00
2016-10-01 01:41:41,519  INFO [main] - ua.implementations.GreetingImpl.getPartOfDay    58 - Return value: night
2016-10-01 01:41:41,520  INFO [main] - ua.implementations.GreetingImpl.greet           49 - Return value: Доброї ночі, Світ!
2016-10-01 01:41:41,520  INFO [main] - ua.implementations.GreetingImpl.<init>          36 - Creating default instance GreetingImpl
2016-10-01 01:41:41,521  INFO [main] - ua.implementations.GreetingImpl.greet           46 - Input parameters: time = 00:00
2016-10-01 01:41:41,521  INFO [main] - ua.implementations.GreetingImpl.getPartOfDay    54 - Input parameters: localTime = 00:00
2016-10-01 01:41:41,521  INFO [main] - ua.implementations.GreetingImpl.getPartOfDay    58 - Return value: night
2016-10-01 01:41:41,521  INFO [main] - ua.implementations.GreetingImpl.greet           49 - Return value: Good night, World!
2016-10-01 01:41:41,522  INFO [main] - ua.implementations.GreetingImpl.<init>          33 - Creating instance GreetingImpl with locale: uk_UA
2016-10-01 01:41:41,522  INFO [main] - ua.implementations.GreetingImpl.greet           46 - Input parameters: time = 06:01
2016-10-01 01:41:41,523  INFO [main] - ua.implementations.GreetingImpl.getPartOfDay    54 - Input parameters: localTime = 06:01
2016-10-01 01:41:41,523  INFO [main] - ua.implementations.GreetingImpl.getPartOfDay    58 - Return value: morning
2016-10-01 01:41:41,523  INFO [main] - ua.implementations.GreetingImpl.greet           49 - Return value: Добрий ранок, Світ!
2016-10-01 01:41:41,524  INFO [main] - ua.implementations.GreetingImpl.<init>          36 - Creating default instance GreetingImpl
2016-10-01 01:41:41,524  INFO [main] - ua.implementations.GreetingImpl.greet           46 - Input parameters: time = 00:00
2016-10-01 01:41:41,524  INFO [main] - ua.implementations.GreetingImpl.getPartOfDay    54 - Input parameters: localTime = 00:00
2016-10-01 01:41:41,525  INFO [main] - ua.implementations.GreetingImpl.getPartOfDay    58 - Return value: night
2016-10-01 01:41:41,525  INFO [main] - ua.implementations.GreetingImpl.greet           49 - Return value: Good night, World!
2016-10-01 01:41:41,526  INFO [main] - ua.implementations.GreetingImpl.<init>          33 - Creating instance GreetingImpl with locale: uk_UA
2016-10-01 01:41:41,526  INFO [main] - ua.implementations.GreetingImpl.greet           46 - Input parameters: time = 09:01
2016-10-01 01:41:41,527  INFO [main] - ua.implementations.GreetingImpl.getPartOfDay    54 - Input parameters: localTime = 09:01
2016-10-01 01:41:41,527  INFO [main] - ua.implementations.GreetingImpl.getPartOfDay    58 - Return value: day
2016-10-01 01:41:41,527  INFO [main] - ua.implementations.GreetingImpl.greet           49 - Return value: Добрий день, Світ!
2016-10-01 01:41:41,527  INFO [main] - ua.implementations.GreetingImpl.<init>          36 - Creating default instance GreetingImpl
2016-10-01 01:41:41,528  INFO [main] - ua.implementations.GreetingImpl.greet           46 - Input parameters: time = 00:00
2016-10-01 01:41:41,528  INFO [main] - ua.implementations.GreetingImpl.getPartOfDay    54 - Input parameters: localTime = 00:00
2016-10-01 01:41:41,528  INFO [main] - ua.implementations.GreetingImpl.getPartOfDay    58 - Return value: night
2016-10-01 01:41:41,528  INFO [main] - ua.implementations.GreetingImpl.greet           49 - Return value: Good night, World!
2016-10-01 01:41:41,529  INFO [main] - ua.implementations.GreetingImpl.<init>          33 - Creating instance GreetingImpl with locale: uk_UA
2016-10-01 01:41:41,529  INFO [main] - ua.implementations.GreetingImpl.greet           46 - Input parameters: time = 19:01
2016-10-01 01:41:41,530  INFO [main] - ua.implementations.GreetingImpl.getPartOfDay    54 - Input parameters: localTime = 19:01
2016-10-01 01:41:41,530  INFO [main] - ua.implementations.GreetingImpl.getPartOfDay    58 - Return value: evening
2016-10-01 01:41:41,530  INFO [main] - ua.implementations.GreetingImpl.greet           49 - Return value: Добрий вечір, Світ!
2016-10-01 01:41:41,531  INFO [main] - ua.implementations.GreetingImpl.<init>          36 - Creating default instance GreetingImpl
2016-10-01 01:41:41,531  INFO [main] - ua.implementations.GreetingImpl.greet           46 - Input parameters: time = 00:00
2016-10-01 01:41:41,531  INFO [main] - ua.implementations.GreetingImpl.getPartOfDay    54 - Input parameters: localTime = 00:00
2016-10-01 01:41:41,531  INFO [main] - ua.implementations.GreetingImpl.getPartOfDay    58 - Return value: night
2016-10-01 01:41:41,531  INFO [main] - ua.implementations.GreetingImpl.greet           49 - Return value: Good night, World!
2016-10-01 01:41:41,532  INFO [main] - ua.implementations.GreetingImpl.<init>          33 - Creating instance GreetingImpl with locale: uk_UA
2016-10-01 01:41:41,532  INFO [main] - ua.implementations.GreetingImpl.greet           46 - Input parameters: time = 23:01
2016-10-01 01:41:41,532  INFO [main] - ua.implementations.GreetingImpl.getPartOfDay    54 - Input parameters: localTime = 23:01
2016-10-01 01:41:41,533  INFO [main] - ua.implementations.GreetingImpl.getPartOfDay    58 - Return value: night
2016-10-01 01:41:41,533  INFO [main] - ua.implementations.GreetingImpl.greet           49 - Return value: Доброї ночі, Світ!
2016-10-01 01:41:41,533  INFO [main] - ua.implementations.GreetingImpl.<init>          36 - Creating default instance GreetingImpl
2016-10-01 01:41:41,534  INFO [main] - ua.implementations.GreetingImpl.greet           46 - Input parameters: time = 00:00
2016-10-01 01:41:41,534  INFO [main] - ua.implementations.GreetingImpl.getPartOfDay    54 - Input parameters: localTime = 00:00
2016-10-01 01:41:41,534  INFO [main] - ua.implementations.GreetingImpl.getPartOfDay    58 - Return value: night
2016-10-01 01:41:41,534  INFO [main] - ua.implementations.GreetingImpl.greet           49 - Return value: Good night, World!
2016-10-01 01:41:41,534  INFO [main] - ua.implementations.GreetingImpl.<init>          33 - Creating instance GreetingImpl with locale: ru_RU
2016-10-01 01:41:41,540  INFO [main] - ua.implementations.GreetingImpl.greet           46 - Input parameters: time = 00:00
2016-10-01 01:41:41,541  INFO [main] - ua.implementations.GreetingImpl.getPartOfDay    54 - Input parameters: localTime = 00:00
2016-10-01 01:41:41,541  INFO [main] - ua.implementations.GreetingImpl.getPartOfDay    58 - Return value: night
2016-10-01 01:41:41,541  INFO [main] - ua.implementations.GreetingImpl.greet           49 - Return value: Доброй ночи, Мир!
2016-10-01 01:41:41,541  INFO [main] - ua.implementations.GreetingImpl.<init>          36 - Creating default instance GreetingImpl
2016-10-01 01:41:41,542  INFO [main] - ua.implementations.GreetingImpl.greet           46 - Input parameters: time = 00:00
2016-10-01 01:41:41,542  INFO [main] - ua.implementations.GreetingImpl.getPartOfDay    54 - Input parameters: localTime = 00:00
2016-10-01 01:41:41,542  INFO [main] - ua.implementations.GreetingImpl.getPartOfDay    58 - Return value: night
2016-10-01 01:41:41,542  INFO [main] - ua.implementations.GreetingImpl.greet           49 - Return value: Good night, World!
2016-10-01 01:41:41,543  INFO [main] - ua.implementations.GreetingImpl.<init>          33 - Creating instance GreetingImpl with locale: ru_RU
2016-10-01 01:41:41,543  INFO [main] - ua.implementations.GreetingImpl.greet           46 - Input parameters: time = 06:01
2016-10-01 01:41:41,543  INFO [main] - ua.implementations.GreetingImpl.getPartOfDay    54 - Input parameters: localTime = 06:01
2016-10-01 01:41:41,543  INFO [main] - ua.implementations.GreetingImpl.getPartOfDay    58 - Return value: morning
2016-10-01 01:41:41,544  INFO [main] - ua.implementations.GreetingImpl.greet           49 - Return value: Доброе утро, Мир!
2016-10-01 01:41:41,544  INFO [main] - ua.implementations.GreetingImpl.<init>          36 - Creating default instance GreetingImpl
2016-10-01 01:41:41,544  INFO [main] - ua.implementations.GreetingImpl.greet           46 - Input parameters: time = 00:00
2016-10-01 01:41:41,545  INFO [main] - ua.implementations.GreetingImpl.getPartOfDay    54 - Input parameters: localTime = 00:00
2016-10-01 01:41:41,545  INFO [main] - ua.implementations.GreetingImpl.getPartOfDay    58 - Return value: night
2016-10-01 01:41:41,545  INFO [main] - ua.implementations.GreetingImpl.greet           49 - Return value: Good night, World!
2016-10-01 01:41:41,546  INFO [main] - ua.implementations.GreetingImpl.<init>          33 - Creating instance GreetingImpl with locale: ru_RU
2016-10-01 01:41:41,546  INFO [main] - ua.implementations.GreetingImpl.greet           46 - Input parameters: time = 09:01
2016-10-01 01:41:41,546  INFO [main] - ua.implementations.GreetingImpl.getPartOfDay    54 - Input parameters: localTime = 09:01
2016-10-01 01:41:41,546  INFO [main] - ua.implementations.GreetingImpl.getPartOfDay    58 - Return value: day
2016-10-01 01:41:41,546  INFO [main] - ua.implementations.GreetingImpl.greet           49 - Return value: Добрый день, Мир!
2016-10-01 01:41:41,553  INFO [main] - ua.implementations.GreetingImpl.<init>          36 - Creating default instance GreetingImpl
2016-10-01 01:41:41,554  INFO [main] - ua.implementations.GreetingImpl.greet           46 - Input parameters: time = 00:00
2016-10-01 01:41:41,554  INFO [main] - ua.implementations.GreetingImpl.getPartOfDay    54 - Input parameters: localTime = 00:00
2016-10-01 01:41:41,554  INFO [main] - ua.implementations.GreetingImpl.getPartOfDay    58 - Return value: night
2016-10-01 01:41:41,554  INFO [main] - ua.implementations.GreetingImpl.greet           49 - Return value: Good night, World!
2016-10-01 01:41:41,555  INFO [main] - ua.implementations.GreetingImpl.<init>          33 - Creating instance GreetingImpl with locale: ru_RU
2016-10-01 01:41:41,555  INFO [main] - ua.implementations.GreetingImpl.greet           46 - Input parameters: time = 19:01
2016-10-01 01:41:41,555  INFO [main] - ua.implementations.GreetingImpl.getPartOfDay    54 - Input parameters: localTime = 19:01
2016-10-01 01:41:41,555  INFO [main] - ua.implementations.GreetingImpl.getPartOfDay    58 - Return value: evening
2016-10-01 01:41:41,555  INFO [main] - ua.implementations.GreetingImpl.greet           49 - Return value: Добрый вечер, Мир!
2016-10-01 01:41:41,556  INFO [main] - ua.implementations.GreetingImpl.<init>          36 - Creating default instance GreetingImpl
2016-10-01 01:41:41,556  INFO [main] - ua.implementations.GreetingImpl.greet           46 - Input parameters: time = 00:00
2016-10-01 01:41:41,556  INFO [main] - ua.implementations.GreetingImpl.getPartOfDay    54 - Input parameters: localTime = 00:00
2016-10-01 01:41:41,557  INFO [main] - ua.implementations.GreetingImpl.getPartOfDay    58 - Return value: night
2016-10-01 01:41:41,557  INFO [main] - ua.implementations.GreetingImpl.greet           49 - Return value: Good night, World!
2016-10-01 01:41:41,558  INFO [main] - ua.implementations.GreetingImpl.<init>          33 - Creating instance GreetingImpl with locale: ru_RU
2016-10-01 01:41:41,558  INFO [main] - ua.implementations.GreetingImpl.greet           46 - Input parameters: time = 23:01
2016-10-01 01:41:41,558  INFO [main] - ua.implementations.GreetingImpl.getPartOfDay    54 - Input parameters: localTime = 23:01
2016-10-01 01:41:41,559  INFO [main] - ua.implementations.GreetingImpl.getPartOfDay    58 - Return value: night
2016-10-01 01:41:41,559  INFO [main] - ua.implementations.GreetingImpl.greet           49 - Return value: Доброй ночи, Мир!
2016-10-01 03:32:22,874  INFO [main] - ua.implementations.GreetingImpl.<init>          36 - Creating default instance GreetingImpl
2016-10-01 03:32:22,879  INFO [main] - ua.implementations.GreetingImpl.greet           46 - Input parameters: time = 00:00
2016-10-01 03:32:22,880  INFO [main] - ua.implementations.GreetingImpl.getPartOfDay    54 - Input parameters: localTime = 00:00
2016-10-01 03:32:22,880  INFO [main] - ua.implementations.GreetingImpl.getPartOfDay    58 - Return value: night
2016-10-01 03:32:22,880  INFO [main] - ua.implementations.GreetingImpl.greet           49 - Return value: Good night, World!
2016-10-01 03:32:22,882  INFO [main] - ua.implementations.GreetingImpl.<init>          33 - Creating instance GreetingImpl with locale: en_US
2016-10-01 03:32:22,882  INFO [main] - ua.implementations.GreetingImpl.greet           46 - Input parameters: time = 00:00
2016-10-01 03:32:22,882  INFO [main] - ua.implementations.GreetingImpl.getPartOfDay    54 - Input parameters: localTime = 00:00
2016-10-01 03:32:22,883  INFO [main] - ua.implementations.GreetingImpl.getPartOfDay    58 - Return value: night
2016-10-01 03:32:22,883  INFO [main] - ua.implementations.GreetingImpl.greet           49 - Return value: Good night, World!
2016-10-01 03:32:22,884  INFO [main] - ua.implementations.GreetingImpl.<init>          36 - Creating default instance GreetingImpl
2016-10-01 03:32:22,884  INFO [main] - ua.implementations.GreetingImpl.greet           46 - Input parameters: time = 00:00
2016-10-01 03:32:22,884  INFO [main] - ua.implementations.GreetingImpl.getPartOfDay    54 - Input parameters: localTime = 00:00
2016-10-01 03:32:22,884  INFO [main] - ua.implementations.GreetingImpl.getPartOfDay    58 - Return value: night
2016-10-01 03:32:22,885  INFO [main] - ua.implementations.GreetingImpl.greet           49 - Return value: Good night, World!
2016-10-01 03:32:22,885  INFO [main] - ua.implementations.GreetingImpl.<init>          33 - Creating instance GreetingImpl with locale: en_US
2016-10-01 03:32:22,887  INFO [main] - ua.implementations.GreetingImpl.greet           46 - Input parameters: time = 06:01
2016-10-01 03:32:22,888  INFO [main] - ua.implementations.GreetingImpl.getPartOfDay    54 - Input parameters: localTime = 06:01
2016-10-01 03:32:22,888  INFO [main] - ua.implementations.GreetingImpl.getPartOfDay    58 - Return value: morning
2016-10-01 03:32:22,888  INFO [main] - ua.implementations.GreetingImpl.greet           49 - Return value: Good morning, World!
2016-10-01 03:32:22,888  INFO [main] - ua.implementations.GreetingImpl.<init>          36 - Creating default instance GreetingImpl
2016-10-01 03:32:22,889  INFO [main] - ua.implementations.GreetingImpl.greet           46 - Input parameters: time = 00:00
2016-10-01 03:32:22,889  INFO [main] - ua.implementations.GreetingImpl.getPartOfDay    54 - Input parameters: localTime = 00:00
2016-10-01 03:32:22,889  INFO [main] - ua.implementations.GreetingImpl.getPartOfDay    58 - Return value: night
2016-10-01 03:32:22,889  INFO [main] - ua.implementations.GreetingImpl.greet           49 - Return value: Good night, World!
2016-10-01 03:32:22,890  INFO [main] - ua.implementations.GreetingImpl.<init>          33 - Creating instance GreetingImpl with locale: en_US
2016-10-01 03:32:22,890  INFO [main] - ua.implementations.GreetingImpl.greet           46 - Input parameters: time = 09:01
2016-10-01 03:32:22,890  INFO [main] - ua.implementations.GreetingImpl.getPartOfDay    54 - Input parameters: localTime = 09:01
2016-10-01 03:32:22,891  INFO [main] - ua.implementations.GreetingImpl.getPartOfDay    58 - Return value: day
2016-10-01 03:32:22,891  INFO [main] - ua.implementations.GreetingImpl.greet           49 - Return value: Good day, World!
2016-10-01 03:32:22,891  INFO [main] - ua.implementations.GreetingImpl.<init>          36 - Creating default instance GreetingImpl
2016-10-01 03:32:22,892  INFO [main] - ua.implementations.GreetingImpl.greet           46 - Input parameters: time = 00:00
2016-10-01 03:32:22,892  INFO [main] - ua.implementations.GreetingImpl.getPartOfDay    54 - Input parameters: localTime = 00:00
2016-10-01 03:32:22,892  INFO [main] - ua.implementations.GreetingImpl.getPartOfDay    58 - Return value: night
2016-10-01 03:32:22,892  INFO [main] - ua.implementations.GreetingImpl.greet           49 - Return value: Good night, World!
2016-10-01 03:32:22,893  INFO [main] - ua.implementations.GreetingImpl.<init>          33 - Creating instance GreetingImpl with locale: en_US
2016-10-01 03:32:22,893  INFO [main] - ua.implementations.GreetingImpl.greet           46 - Input parameters: time = 19:01
2016-10-01 03:32:22,894  INFO [main] - ua.implementations.GreetingImpl.getPartOfDay    54 - Input parameters: localTime = 19:01
2016-10-01 03:32:22,894  INFO [main] - ua.implementations.GreetingImpl.getPartOfDay    58 - Return value: evening
2016-10-01 03:32:22,894  INFO [main] - ua.implementations.GreetingImpl.greet           49 - Return value: Good evening, World!
2016-10-01 03:32:22,895  INFO [main] - ua.implementations.GreetingImpl.<init>          36 - Creating default instance GreetingImpl
2016-10-01 03:32:22,895  INFO [main] - ua.implementations.GreetingImpl.greet           46 - Input parameters: time = 00:00
2016-10-01 03:32:22,895  INFO [main] - ua.implementations.GreetingImpl.getPartOfDay    54 - Input parameters: localTime = 00:00
2016-10-01 03:32:22,895  INFO [main] - ua.implementations.GreetingImpl.getPartOfDay    58 - Return value: night
2016-10-01 03:32:22,895  INFO [main] - ua.implementations.GreetingImpl.greet           49 - Return value: Good night, World!
2016-10-01 03:32:22,896  INFO [main] - ua.implementations.GreetingImpl.<init>          33 - Creating instance GreetingImpl with locale: en_US
2016-10-01 03:32:22,896  INFO [main] - ua.implementations.GreetingImpl.greet           46 - Input parameters: time = 23:01
2016-10-01 03:32:22,896  INFO [main] - ua.implementations.GreetingImpl.getPartOfDay    54 - Input parameters: localTime = 23:01
2016-10-01 03:32:22,897  INFO [main] - ua.implementations.GreetingImpl.getPartOfDay    58 - Return value: night
2016-10-01 03:32:22,897  INFO [main] - ua.implementations.GreetingImpl.greet           49 - Return value: Good night, World!
2016-10-01 03:32:22,897  INFO [main] - ua.implementations.GreetingImpl.<init>          36 - Creating default instance GreetingImpl
2016-10-01 03:32:22,898  INFO [main] - ua.implementations.GreetingImpl.greet           46 - Input parameters: time = 00:00
2016-10-01 03:32:22,898  INFO [main] - ua.implementations.GreetingImpl.getPartOfDay    54 - Input parameters: localTime = 00:00
2016-10-01 03:32:22,898  INFO [main] - ua.implementations.GreetingImpl.getPartOfDay    58 - Return value: night
2016-10-01 03:32:22,898  INFO [main] - ua.implementations.GreetingImpl.greet           49 - Return value: Good night, World!
2016-10-01 03:32:22,899  INFO [main] - ua.implementations.GreetingImpl.<init>          33 - Creating instance GreetingImpl with locale: uk_UA
2016-10-01 03:32:22,900  INFO [main] - ua.implementations.GreetingImpl.greet           46 - Input parameters: time = 00:00
2016-10-01 03:32:22,900  INFO [main] - ua.implementations.GreetingImpl.getPartOfDay    54 - Input parameters: localTime = 00:00
2016-10-01 03:32:22,901  INFO [main] - ua.implementations.GreetingImpl.getPartOfDay    58 - Return value: night
2016-10-01 03:32:22,901  INFO [main] - ua.implementations.GreetingImpl.greet           49 - Return value: Доброї ночі, Світ!
2016-10-01 03:32:22,901  INFO [main] - ua.implementations.GreetingImpl.<init>          36 - Creating default instance GreetingImpl
2016-10-01 03:32:22,902  INFO [main] - ua.implementations.GreetingImpl.greet           46 - Input parameters: time = 00:00
2016-10-01 03:32:22,902  INFO [main] - ua.implementations.GreetingImpl.getPartOfDay    54 - Input parameters: localTime = 00:00
2016-10-01 03:32:22,902  INFO [main] - ua.implementations.GreetingImpl.getPartOfDay    58 - Return value: night
2016-10-01 03:32:22,902  INFO [main] - ua.implementations.GreetingImpl.greet           49 - Return value: Good night, World!
2016-10-01 03:32:22,903  INFO [main] - ua.implementations.GreetingImpl.<init>          33 - Creating instance GreetingImpl with locale: uk_UA
2016-10-01 03:32:22,903  INFO [main] - ua.implementations.GreetingImpl.greet           46 - Input parameters: time = 06:01
2016-10-01 03:32:22,903  INFO [main] - ua.implementations.GreetingImpl.getPartOfDay    54 - Input parameters: localTime = 06:01
2016-10-01 03:32:22,903  INFO [main] - ua.implementations.GreetingImpl.getPartOfDay    58 - Return value: morning
2016-10-01 03:32:22,904  INFO [main] - ua.implementations.GreetingImpl.greet           49 - Return value: Добрий ранок, Світ!
2016-10-01 03:32:22,904  INFO [main] - ua.implementations.GreetingImpl.<init>          36 - Creating default instance GreetingImpl
2016-10-01 03:32:22,905  INFO [main] - ua.implementations.GreetingImpl.greet           46 - Input parameters: time = 00:00
2016-10-01 03:32:22,905  INFO [main] - ua.implementations.GreetingImpl.getPartOfDay    54 - Input parameters: localTime = 00:00
2016-10-01 03:32:22,905  INFO [main] - ua.implementations.GreetingImpl.getPartOfDay    58 - Return value: night
2016-10-01 03:32:22,905  INFO [main] - ua.implementations.GreetingImpl.greet           49 - Return value: Good night, World!
2016-10-01 03:32:22,906  INFO [main] - ua.implementations.GreetingImpl.<init>          33 - Creating instance GreetingImpl with locale: uk_UA
2016-10-01 03:32:22,907  INFO [main] - ua.implementations.GreetingImpl.greet           46 - Input parameters: time = 09:01
2016-10-01 03:32:22,907  INFO [main] - ua.implementations.GreetingImpl.getPartOfDay    54 - Input parameters: localTime = 09:01
2016-10-01 03:32:22,907  INFO [main] - ua.implementations.GreetingImpl.getPartOfDay    58 - Return value: day
2016-10-01 03:32:22,907  INFO [main] - ua.implementations.GreetingImpl.greet           49 - Return value: Добрий день, Світ!
2016-10-01 03:32:22,908  INFO [main] - ua.implementations.GreetingImpl.<init>          36 - Creating default instance GreetingImpl
2016-10-01 03:32:22,908  INFO [main] - ua.implementations.GreetingImpl.greet           46 - Input parameters: time = 00:00
2016-10-01 03:32:22,908  INFO [main] - ua.implementations.GreetingImpl.getPartOfDay    54 - Input parameters: localTime = 00:00
2016-10-01 03:32:22,909  INFO [main] - ua.implementations.GreetingImpl.getPartOfDay    58 - Return value: night
2016-10-01 03:32:22,909  INFO [main] - ua.implementations.GreetingImpl.greet           49 - Return value: Good night, World!
2016-10-01 03:32:22,909  INFO [main] - ua.implementations.GreetingImpl.<init>          33 - Creating instance GreetingImpl with locale: uk_UA
2016-10-01 03:32:22,910  INFO [main] - ua.implementations.GreetingImpl.greet           46 - Input parameters: time = 19:01
2016-10-01 03:32:22,910  INFO [main] - ua.implementations.GreetingImpl.getPartOfDay    54 - Input parameters: localTime = 19:01
2016-10-01 03:32:22,910  INFO [main] - ua.implementations.GreetingImpl.getPartOfDay    58 - Return value: evening
2016-10-01 03:32:22,910  INFO [main] - ua.implementations.GreetingImpl.greet           49 - Return value: Добрий вечір, Світ!
2016-10-01 03:32:22,911  INFO [main] - ua.implementations.GreetingImpl.<init>          36 - Creating default instance GreetingImpl
2016-10-01 03:32:22,911  INFO [main] - ua.implementations.GreetingImpl.greet           46 - Input parameters: time = 00:00
2016-10-01 03:32:22,911  INFO [main] - ua.implementations.GreetingImpl.getPartOfDay    54 - Input parameters: localTime = 00:00
2016-10-01 03:32:22,911  INFO [main] - ua.implementations.GreetingImpl.getPartOfDay    58 - Return value: night
2016-10-01 03:32:22,911  INFO [main] - ua.implementations.GreetingImpl.greet           49 - Return value: Good night, World!
2016-10-01 03:32:22,912  INFO [main] - ua.implementations.GreetingImpl.<init>          33 - Creating instance GreetingImpl with locale: uk_UA
2016-10-01 03:32:22,912  INFO [main] - ua.implementations.GreetingImpl.greet           46 - Input parameters: time = 23:01
2016-10-01 03:32:22,912  INFO [main] - ua.implementations.GreetingImpl.getPartOfDay    54 - Input parameters: localTime = 23:01
2016-10-01 03:32:22,912  INFO [main] - ua.implementations.GreetingImpl.getPartOfDay    58 - Return value: night
2016-10-01 03:32:22,913  INFO [main] - ua.implementations.GreetingImpl.greet           49 - Return value: Доброї ночі, Світ!
2016-10-01 03:32:22,913  INFO [main] - ua.implementations.GreetingImpl.<init>          36 - Creating default instance GreetingImpl
2016-10-01 03:32:22,913  INFO [main] - ua.implementations.GreetingImpl.greet           46 - Input parameters: time = 00:00
2016-10-01 03:32:22,914  INFO [main] - ua.implementations.GreetingImpl.getPartOfDay    54 - Input parameters: localTime = 00:00
2016-10-01 03:32:22,914  INFO [main] - ua.implementations.GreetingImpl.getPartOfDay    58 - Return value: night
2016-10-01 03:32:22,914  INFO [main] - ua.implementations.GreetingImpl.greet           49 - Return value: Good night, World!
2016-10-01 03:32:22,914  INFO [main] - ua.implementations.GreetingImpl.<init>          33 - Creating instance GreetingImpl with locale: ru_RU
2016-10-01 03:32:22,916  INFO [main] - ua.implementations.GreetingImpl.greet           46 - Input parameters: time = 00:00
2016-10-01 03:32:22,916  INFO [main] - ua.implementations.GreetingImpl.getPartOfDay    54 - Input parameters: localTime = 00:00
2016-10-01 03:32:22,917  INFO [main] - ua.implementations.GreetingImpl.getPartOfDay    58 - Return value: night
2016-10-01 03:32:22,917  INFO [main] - ua.implementations.GreetingImpl.greet           49 - Return value: Доброй ночи, Мир!
2016-10-01 03:32:22,917  INFO [main] - ua.implementations.GreetingImpl.<init>          36 - Creating default instance GreetingImpl
2016-10-01 03:32:22,917  INFO [main] - ua.implementations.GreetingImpl.greet           46 - Input parameters: time = 00:00
2016-10-01 03:32:22,918  INFO [main] - ua.implementations.GreetingImpl.getPartOfDay    54 - Input parameters: localTime = 00:00
2016-10-01 03:32:22,918  INFO [main] - ua.implementations.GreetingImpl.getPartOfDay    58 - Return value: night
2016-10-01 03:32:22,918  INFO [main] - ua.implementations.GreetingImpl.greet           49 - Return value: Good night, World!
2016-10-01 03:32:22,918  INFO [main] - ua.implementations.GreetingImpl.<init>          33 - Creating instance GreetingImpl with locale: ru_RU
2016-10-01 03:32:22,919  INFO [main] - ua.implementations.GreetingImpl.greet           46 - Input parameters: time = 06:01
2016-10-01 03:32:22,919  INFO [main] - ua.implementations.GreetingImpl.getPartOfDay    54 - Input parameters: localTime = 06:01
2016-10-01 03:32:22,919  INFO [main] - ua.implementations.GreetingImpl.getPartOfDay    58 - Return value: morning
2016-10-01 03:32:22,919  INFO [main] - ua.implementations.GreetingImpl.greet           49 - Return value: Доброе утро, Мир!
2016-10-01 03:32:22,920  INFO [main] - ua.implementations.GreetingImpl.<init>          36 - Creating default instance GreetingImpl
2016-10-01 03:32:22,920  INFO [main] - ua.implementations.GreetingImpl.greet           46 - Input parameters: time = 00:00
2016-10-01 03:32:22,920  INFO [main] - ua.implementations.GreetingImpl.getPartOfDay    54 - Input parameters: localTime = 00:00
2016-10-01 03:32:22,920  INFO [main] - ua.implementations.GreetingImpl.getPartOfDay    58 - Return value: night
2016-10-01 03:32:22,920  INFO [main] - ua.implementations.GreetingImpl.greet           49 - Return value: Good night, World!
2016-10-01 03:32:22,921  INFO [main] - ua.implementations.GreetingImpl.<init>          33 - Creating instance GreetingImpl with locale: ru_RU
2016-10-01 03:32:22,921  INFO [main] - ua.implementations.GreetingImpl.greet           46 - Input parameters: time = 09:01
2016-10-01 03:32:22,921  INFO [main] - ua.implementations.GreetingImpl.getPartOfDay    54 - Input parameters: localTime = 09:01
2016-10-01 03:32:22,922  INFO [main] - ua.implementations.GreetingImpl.getPartOfDay    58 - Return value: day
2016-10-01 03:32:22,922  INFO [main] - ua.implementations.GreetingImpl.greet           49 - Return value: Добрый день, Мир!
2016-10-01 03:32:22,922  INFO [main] - ua.implementations.GreetingImpl.<init>          36 - Creating default instance GreetingImpl
2016-10-01 03:32:22,923  INFO [main] - ua.implementations.GreetingImpl.greet           46 - Input parameters: time = 00:00
2016-10-01 03:32:22,923  INFO [main] - ua.implementations.GreetingImpl.getPartOfDay    54 - Input parameters: localTime = 00:00
2016-10-01 03:32:22,923  INFO [main] - ua.implementations.GreetingImpl.getPartOfDay    58 - Return value: night
2016-10-01 03:32:22,923  INFO [main] - ua.implementations.GreetingImpl.greet           49 - Return value: Good night, World!
2016-10-01 03:32:22,924  INFO [main] - ua.implementations.GreetingImpl.<init>          33 - Creating instance GreetingImpl with locale: ru_RU
2016-10-01 03:32:22,924  INFO [main] - ua.implementations.GreetingImpl.greet           46 - Input parameters: time = 19:01
2016-10-01 03:32:22,924  INFO [main] - ua.implementations.GreetingImpl.getPartOfDay    54 - Input parameters: localTime = 19:01
2016-10-01 03:32:22,924  INFO [main] - ua.implementations.GreetingImpl.getPartOfDay    58 - Return value: evening
2016-10-01 03:32:22,924  INFO [main] - ua.implementations.GreetingImpl.greet           49 - Return value: Добрый вечер, Мир!
2016-10-01 03:32:22,925  INFO [main] - ua.implementations.GreetingImpl.<init>          36 - Creating default instance GreetingImpl
2016-10-01 03:32:22,925  INFO [main] - ua.implementations.GreetingImpl.greet           46 - Input parameters: time = 00:00
2016-10-01 03:32:22,925  INFO [main] - ua.implementations.GreetingImpl.getPartOfDay    54 - Input parameters: localTime = 00:00
2016-10-01 03:32:22,926  INFO [main] - ua.implementations.GreetingImpl.getPartOfDay    58 - Return value: night
2016-10-01 03:32:22,926  INFO [main] - ua.implementations.GreetingImpl.greet           49 - Return value: Good night, World!
2016-10-01 03:32:22,926  INFO [main] - ua.implementations.GreetingImpl.<init>          33 - Creating instance GreetingImpl with locale: ru_RU
2016-10-01 03:32:22,927  INFO [main] - ua.implementations.GreetingImpl.greet           46 - Input parameters: time = 23:01
2016-10-01 03:32:22,927  INFO [main] - ua.implementations.GreetingImpl.getPartOfDay    54 - Input parameters: localTime = 23:01
2016-10-01 03:32:22,927  INFO [main] - ua.implementations.GreetingImpl.getPartOfDay    58 - Return value: night
2016-10-01 03:32:22,927  INFO [main] - ua.implementations.GreetingImpl.greet           49 - Return value: Доброй ночи, Мир!
